<?xml version="1.0" encoding="utf-8"?>
<test-run id="2" testcasecount="4" result="Passed" total="4" passed="4" failed="0" inconclusive="0" skipped="0" asserts="0" engine-version="3.5.0.0" clr-version="4.0.30319.42000" start-time="2026-08-23 23:48:12Z" end-time="2026-08-23 23:48:12Z" duration="0.0249111">
  <test-suite type="TestSuite" id="1000" name="realrail" fullname="realrail" runstate="Runnable" testcasecount="4" result="Passed" start-time="2026-08-23 23:48:12Z" end-time="2026-08-23 23:48:12Z" duration="0.024911" total="4" passed="4" failed="0" inconclusive="0" skipped="0" asserts="0">
    <properties>
      <property name="platform" value="EditMode" />
    </properties>
    <test-suite type="Assembly" id="1006" name="RealRail.Gameplay.Tests.dll" fullname="/Users/ggherardi/realrail/Library/ScriptAssemblies/RealRail.Gameplay.Tests.dll" runstate="Runnable" testcasecount="4" result="Passed" start-time="2026-08-23 23:48:12Z" end-time="2026-08-23 23:48:12Z" duration="0.020691" total="4" passed="4" failed="0" inconclusive="0" skipped="0" asserts="0">
      <properties>
        <property name="_PID" value="84206" />
        <property name="_APPDOMAIN" value="Unity Child Domain" />
        <property name="platform" value="EditMode" />
        <property name="EditorOnly" value="True" />
      </properties>
      <test-suite type="TestSuite" id="1007" name="RealRail" fullname="RealRail" runstate="Runnable" testcasecount="4" result="Passed" start-time="2026-08-23 23:48:12Z" end-time="2026-08-23 23:48:12Z" duration="0.020402" total="4" passed="4" failed="0" inconclusive="0" skipped="0" asserts="0">
        <properties />
        <test-suite type="TestSuite" id="1008" name="Tests" fullname="RealRail.Tests" runstate="Runnable" testcasecount="4" result="Passed" start-time="2026-08-23 23:48:12Z" end-time="2026-08-23 23:48:12Z" duration="0.020111" total="4" passed="4" failed="0" inconclusive="0" skipped="0" asserts="0">
          <properties />
          <test-suite type="TestFixture" id="1001" name="HealthTests" fullname="RealRail.Tests.HealthTests" classname="RealRail.Tests.HealthTests" runstate="Runnable" testcasecount="4" result="Passed" start-time="2026-08-23 23:48:12Z" end-time="2026-08-23 23:48:12Z" duration="0.019338" total="4" passed="4" failed="0" inconclusive="0" skipped="0" asserts="0">
            <properties />
            <test-case id="1003" name="TakeDamage_DoesNotDropBelowZero" fullname="RealRail.Tests.HealthTests.TakeDamage_DoesNotDropBelowZero" methodname="TakeDamage_DoesNotDropBelowZero" classname="RealRail.Tests.HealthTests" runstate="Runnable" seed="1585315363" result="Passed" start-time="2026-08-23 23:48:12Z" end-time="2026-08-23 23:48:12Z" duration="0.010104" asserts="0">
              <properties>
                <property name="retryIteration" value="0" />
                <property name="repeatIteration" value="0" />
              </properties>
            </test-case>
            <test-case id="1004" name="TakeDamage_FiresDiedOnce" fullname="RealRail.Tests.HealthTests.TakeDamage_FiresDiedOnce" methodname="TakeDamage_FiresDiedOnce" classname="RealRail.Tests.HealthTests" runstate="Runnable" seed="112497928" result="Passed" start-time="2026-08-23 23:48:12Z" end-time="2026-08-23 23:48:12Z" duration="0.000474" asserts="0">
              <properties>
                <property name="retryIteration" value="0" />
                <property name="repeatIteration" value="0" />
              </properties>
            </test-case>
            <test-case id="1005" name="TakeDamage_IgnoresNonPositiveAmounts" fullname="RealRail.Tests.HealthTests.TakeDamage_IgnoresNonPositiveAmounts" methodname="TakeDamage_IgnoresNonPositiveAmounts" classname="RealRail.Tests.HealthTests" runstate="Runnable" seed="1296463951" result="Passed" start-time="2026-08-23 23:48:12Z" end-time="2026-08-23 23:48:12Z" duration="0.000149" asserts="0">
              <properties>
                <property name="retryIteration" value="0" />
                <property name="repeatIteration" value="0" />
              </properties>
            </test-case>
            <test-case id="1002" name="TakeDamage_ReducesCurrentHealth" fullname="RealRail.Tests.HealthTests.TakeDamage_ReducesCurrentHealth" methodname="TakeDamage_ReducesCurrentHealth" classname="RealRail.Tests.HealthTests" runstate="Runnable" seed="99562632" result="Passed" start-time="2026-08-23 23:48:12Z" end-time="2026-08-23 23:48:12Z" duration="0.000136" asserts="0">
              <properties>
                <property name="retryIteration" value="0" />
                <property name="repeatIteration" value="0" />
              </properties>
              <output><![CDATA[Saving results to: /Users/ggherardi/Library/Application Support/DefaultCompany/realrail/TestResults.xml
]]></output>
            </test-case>
          </test-suite>
        </test-suite>
      </test-suite>
    </test-suite>
  </test-suite>
</test-run>